Command: ninja all
[1/9] Performing build step for 'bootloader'
[1/1] cd /project/ADC/continuous_read/build/bootloader/esp-idf/esptool_py && /opt/esp-idf-tools/python_env/idf5.5_py3.10_env/bin/python /opt/esp-idf/components/partition_table/check_sizes.py --offset 0x8000 bootloader 0x1000 /project/ADC/continuous_read/build/bootloader/bootloader.bin
Bootloader binary size 0x6680 bytes. 0x980 bytes (8%) free.
[2/7] Building C object esp-idf/main/CMakeFiles/__idf_main.dir/continuous_read_main.c.obj
FAILED: esp-idf/main/CMakeFiles/__idf_main.dir/continuous_read_main.c.obj 
/opt/esp-idf-tools/tools/xtensa-esp-elf/esp-14.2.0_20241119/xtensa-esp-elf/bin/xtensa-esp32-elf-gcc -DESP_PLATFORM -DIDF_VER=\"v5.5-468-g02c5f2dbb9\" -DSOC_MMU_PAGE_SIZE=CONFIG_MMU_PAGE_SIZE -DSOC_XTAL_FREQ_MHZ=CONFIG_XTAL_FREQ -D_GLIBCXX_HAVE_POSIX_SEMAPHORE -D_GLIBCXX_USE_POSIX_SEMAPHORE -D_GNU_SOURCE -D_POSIX_READER_WRITER_LOCKS -I/project/ADC/continuous_read/build/config -I/project/ADC/continuous_read/main -I/opt/esp-idf/components/newlib/platform_include -I/opt/esp-idf/components/freertos/config/include -I/opt/esp-idf/components/freertos/config/include/freertos -I/opt/esp-idf/components/freertos/config/xtensa/include -I/opt/esp-idf/components/freertos/FreeRTOS-Kernel/include -I/opt/esp-idf/components/freertos/FreeRTOS-Kernel/portable/xtensa/include -I/opt/esp-idf/components/freertos/FreeRTOS-Kernel/portable/xtensa/include/freertos -I/opt/esp-idf/components/freertos/esp_additions/include -I/opt/esp-idf/components/esp_hw_support/include -I/opt/esp-idf/components/esp_hw_support/include/soc -I/opt/esp-idf/components/esp_hw_support/include/soc/esp32 -I/opt/esp-idf/components/esp_hw_support/dma/include -I/opt/esp-idf/components/esp_hw_support/ldo/include -I/opt/esp-idf/components/esp_hw_support/debug_probe/include -I/opt/esp-idf/components/esp_hw_support/mspi_timing_tuning/include -I/opt/esp-idf/components/esp_hw_support/mspi_timing_tuning/tuning_scheme_impl/include -I/opt/esp-idf/components/esp_hw_support/power_supply/include -I/opt/esp-idf/components/esp_hw_support/port/esp32/. -I/opt/esp-idf/components/esp_hw_support/port/esp32/include -I/opt/esp-idf/components/heap/include -I/opt/esp-idf/components/heap/tlsf -I/opt/esp-idf/components/log/include -I/opt/esp-idf/components/soc/include -I/opt/esp-idf/components/soc/esp32 -I/opt/esp-idf/components/soc/esp32/include -I/opt/esp-idf/components/soc/esp32/register -I/opt/esp-idf/components/hal/platform_port/include -I/opt/esp-idf/components/hal/esp32/include -I/opt/esp-idf/components/hal/include -I/opt/esp-idf/components/esp_rom/include -I/opt/esp-idf/components/esp_rom/esp32/include -I/opt/esp-idf/components/esp_rom/esp32/include/esp32 -I/opt/esp-idf/components/esp_rom/esp32 -I/opt/esp-idf/components/esp_common/include -I/opt/esp-idf/components/esp_system/include -I/opt/esp-idf/components/esp_system/port/soc -I/opt/esp-idf/components/esp_system/port/include/private -I/opt/esp-idf/components/xtensa/esp32/include -I/opt/esp-idf/components/xtensa/include -I/opt/esp-idf/components/xtensa/deprecated_include -I/opt/esp-idf/components/esp_adc/include -I/opt/esp-idf/components/esp_adc/interface -I/opt/esp-idf/components/esp_adc/esp32/include -I/opt/esp-idf/components/esp_adc/deprecated/include -mlongcalls -Wno-frame-address  -fno-builtin-memcpy -fno-builtin-memset -fno-builtin-bzero -fno-builtin-stpcpy -fno-builtin-strncpy -ffunction-sections -fdata-sections -Wall -Werror=all -Wno-error=unused-function -Wno-error=unused-variable -Wno-error=unused-but-set-variable -Wno-error=deprecated-declarations -Wextra -Wno-error=extra -Wno-unused-parameter -Wno-sign-compare -Wno-enum-conversion -gdwarf-4 -ggdb -Og -fno-shrink-wrap -fmacro-prefix-map=/project/ADC/continuous_read=. -fmacro-prefix-map=/opt/esp-idf=/IDF -fstrict-volatile-bitfields -fno-jump-tables -fno-tree-switch-conversion -std=gnu17 -Wno-old-style-declaration -MD -MT esp-idf/main/CMakeFiles/__idf_main.dir/continuous_read_main.c.obj -MF esp-idf/main/CMakeFiles/__idf_main.dir/continuous_read_main.c.obj.d -o esp-idf/main/CMakeFiles/__idf_main.dir/continuous_read_main.c.obj -c /project/ADC/continuous_read/main/continuous_read_main.c
/project/ADC/continuous_read/main/continuous_read_main.c: In function 'app_main':
/project/ADC/continuous_read/main/continuous_read_main.c:130:34: error: format '%d' expects argument of type 'int', but argument 2 has type 'uint32_t' {aka 'long unsigned int'} [-Werror=format=]
  130 |                         printf("%d\n", data);
      |                                 ~^     ~~~~
      |                                  |     |
      |                                  int   uint32_t {aka long unsigned int}
      |                                 %ld
/project/ADC/continuous_read/main/continuous_read_main.c:117:14: warning: unused variable 'unit' [-Wunused-variable]
  117 |         char unit[] = EXAMPLE_ADC_UNIT_STR(EXAMPLE_ADC_UNIT);
      |              ^~~~
cc1: some warnings being treated as errors
ninja: build stopped: subcommand failed.
